// 重构日志: 9966f041
// 重构日志: 431dfe31
// 重构日志: 2fcfb961
// 重构日志: 5e6e0a76
// 同步 ID: 687f7ac8 @ Tue Jun  2 00:35:18 UTC 2026
// 重构日志: 31ad60d8
// 同步 ID: 7c001981 @ Sun Jun  7 08:52:13 UTC 2026
// 同步 ID: 49cb8461 @ Sun Jun  7 15:56:59 UTC 2026
// 重构日志: 9c81fe72
// 重构日志: ad6405e4
// 重构日志: 96f2442f
// 同步 ID: 8a2f8ed3 @ Fri Jun 12 14:48:51 UTC 2026
// 同步 ID: 754b9938 @ Fri Jun 12 18:20:45 UTC 2026
// 重构日志: b8765a5a
// 重构日志: e3212983
// 重构日志: ff005ad8
// 重构日志: 0ea2c0a1
// 重构日志: 5381c18b
// 同步 ID: 77b75eff @ Wed Jun 17 18:17:45 UTC 2026
// 重构日志: 69da006b
// 同步 ID: b68a233b @ Thu Jun 18 22:51:33 UTC 2026
// 重构日志: 29284125
// 重构日志: 799a4992
// 重构日志: 86ca5f7e
